<?xml version="1.0" encoding="UTF-8"?>
<!-- Generated by org.testng.reporters.JUnitXMLReporter -->
<testsuite ignored="0" hostname="MW-NMS1" failures="0" tests="1" name="Test" time="0.047" errors="0" timestamp="2024-11-14T10:35:16 IST">
  <testcase classname="testscript.Base" name="@BeforeMethod initializeBrowser" time="-1.73156071651E9">
    <failure type="org.testng.TestNGException" message="
Parameter &amp;apos;Browser&amp;apos; is required by BeforeMethod on method initializeBrowser but has not been marked @Optional or defined
in C:\Users\Admininstrator\eclipse-workspace\7rMartSuperMarket\test-output\testng.xml">
      <![CDATA[org.testng.TestNGException: 
Parameter 'Browser' is required by BeforeMethod on method initializeBrowser but has not been marked @Optional or defined
in C:\Users\Admininstrator\eclipse-workspace\7rMartSuperMarket\test-output\testng.xml
at java.base/java.util.ArrayList.forEach(ArrayList.java:1597)
... Removed 28 stack frames]]>
    </failure>
  </testcase> <!-- @BeforeMethod initializeBrowser -->
  <testcase classname="testscript.Base" name="@AfterMethod browserQuit" time="0.0">
    <skipped/>
  </testcase> <!-- @AfterMethod browserQuit -->
  <testcase classname="testscript.LoginTest" name="verifyUserIsAbletoLoginValidCredentials" time="0.0">
    <skipped/>
  </testcase> <!-- verifyUserIsAbletoLoginValidCredentials -->
</testsuite> <!-- Test -->
